[INFO ] 2022-09-01 19:24:13.654 [main] RestApplication - Starting RestApplication using Java 18.0.2 on LAPTOP-IKT4H2FA with PID 23784 (C:\Users\mahap\IdeaProjects\Rest-GET\Rest\target\classes started by mahap in C:\Users\mahap\IdeaProjects\Rest-GET)
[DEBUG] 2022-09-01 19:24:13.664 [main] RestApplication - Running with Spring Boot v2.7.2, Spring v5.3.22
[INFO ] 2022-09-01 19:24:13.664 [main] RestApplication - No active profile set, falling back to 1 default profile: "default"
[INFO ] 2022-09-01 19:24:17.440 [main] RestApplication - Started RestApplication in 4.189 seconds (JVM running for 5.224)
[INFO ] 2022-09-01 19:24:17.835 [main] RestApplication - ==== RESTful API Response using Spring RESTTemplate START =======
[INFO ] 2022-09-01 19:24:17.835 [main] RestApplication - Response [RestResponse=null]
[INFO ] 2022-09-01 19:24:17.835 [main] RestApplication - ==== RESTful API Response using Spring RESTTemplate END =======
[INFO ] 2022-09-01 19:28:28.295 [main] RestApplication - Starting RestApplication using Java 18.0.2 on LAPTOP-IKT4H2FA with PID 10044 (C:\Users\mahap\IdeaProjects\Rest-GET\Rest\target\classes started by mahap in C:\Users\mahap\IdeaProjects\Rest-GET)
[DEBUG] 2022-09-01 19:28:28.310 [main] RestApplication - Running with Spring Boot v2.7.2, Spring v5.3.22
[INFO ] 2022-09-01 19:28:28.310 [main] RestApplication - No active profile set, falling back to 1 default profile: "default"
[INFO ] 2022-09-01 19:28:33.198 [main] RestApplication - Started RestApplication in 5.342 seconds (JVM running for 6.388)
[INFO ] 2022-09-01 19:28:33.458 [main] RestApplication - ==== RESTful API Response using Spring RESTTemplate START =======
[INFO ] 2022-09-01 19:28:33.458 [main] RestApplication - Response [RestResponse=null]
[INFO ] 2022-09-01 19:28:33.458 [main] RestApplication - ==== RESTful API Response using Spring RESTTemplate END =======
[INFO ] 2022-09-01 19:42:48.044 [main] RestApplication - Starting RestApplication using Java 18.0.2 on LAPTOP-IKT4H2FA with PID 1988 (C:\Users\mahap\IdeaProjects\Rest-GET\Rest\target\classes started by mahap in C:\Users\mahap\IdeaProjects\Rest-GET)
[DEBUG] 2022-09-01 19:42:48.054 [main] RestApplication - Running with Spring Boot v2.7.2, Spring v5.3.22
[INFO ] 2022-09-01 19:42:48.059 [main] RestApplication - No active profile set, falling back to 1 default profile: "default"
[INFO ] 2022-09-01 19:42:51.737 [main] RestApplication - Started RestApplication in 4.164 seconds (JVM running for 5.292)
[INFO ] 2022-09-01 19:42:52.086 [main] RestApplication - ==== RESTful API Response using Spring RESTTemplate START =======
[INFO ] 2022-09-01 19:42:52.086 [main] RestApplication - Response [RestResponse=null]
[INFO ] 2022-09-01 19:42:52.086 [main] RestApplication - ==== RESTful API Response using Spring RESTTemplate END =======
[INFO ] 2022-09-01 19:45:33.500 [main] RestApplication - Starting RestApplication using Java 18.0.2 on LAPTOP-IKT4H2FA with PID 11292 (C:\Users\mahap\IdeaProjects\Rest-GET\Rest\target\classes started by mahap in C:\Users\mahap\IdeaProjects\Rest-GET)
[DEBUG] 2022-09-01 19:45:33.515 [main] RestApplication - Running with Spring Boot v2.7.2, Spring v5.3.22
[INFO ] 2022-09-01 19:45:33.515 [main] RestApplication - No active profile set, falling back to 1 default profile: "default"
[INFO ] 2022-09-01 19:45:37.141 [main] RestApplication - Started RestApplication in 4.064 seconds (JVM running for 5.197)
[INFO ] 2022-09-01 19:45:37.426 [main] RestApplication - ==== RESTful API Response using Spring RESTTemplate START =======
[INFO ] 2022-09-01 19:45:37.431 [main] RestApplication - Response [RestResponse=null]
[INFO ] 2022-09-01 19:45:37.431 [main] RestApplication - ==== RESTful API Response using Spring RESTTemplate END =======
[INFO ] 2022-09-01 19:46:26.518 [main] RestApplication - Starting RestApplication using Java 18.0.2 on LAPTOP-IKT4H2FA with PID 21888 (C:\Users\mahap\IdeaProjects\Rest-GET\Rest\target\classes started by mahap in C:\Users\mahap\IdeaProjects\Rest-GET)
[DEBUG] 2022-09-01 19:46:26.528 [main] RestApplication - Running with Spring Boot v2.7.2, Spring v5.3.22
[INFO ] 2022-09-01 19:46:26.528 [main] RestApplication - No active profile set, falling back to 1 default profile: "default"
[INFO ] 2022-09-01 19:46:29.895 [main] RestApplication - Started RestApplication in 3.705 seconds (JVM running for 4.666)
[INFO ] 2022-09-01 19:46:58.579 [main] RestApplication - Starting RestApplication using Java 18.0.2 on LAPTOP-IKT4H2FA with PID 27864 (C:\Users\mahap\IdeaProjects\Rest-GET\Rest\target\classes started by mahap in C:\Users\mahap\IdeaProjects\Rest-GET)
[DEBUG] 2022-09-01 19:46:58.588 [main] RestApplication - Running with Spring Boot v2.7.2, Spring v5.3.22
[INFO ] 2022-09-01 19:46:58.593 [main] RestApplication - No active profile set, falling back to 1 default profile: "default"
[INFO ] 2022-09-01 19:47:02.017 [main] RestApplication - Started RestApplication in 3.821 seconds (JVM running for 4.824)
[INFO ] 2022-09-01 19:47:02.292 [main] RestApplication - ==== RESTful API Response using Spring RESTTemplate START =======
[INFO ] 2022-09-01 19:47:02.292 [main] RestApplication - Response [RestResponse=null]
[INFO ] 2022-09-01 19:47:02.292 [main] RestApplication - ==== RESTful API Response using Spring RESTTemplate END =======
[INFO ] 2022-09-01 21:10:36.423 [main] RestApplication - Starting RestApplication using Java 18.0.2 on LAPTOP-IKT4H2FA with PID 1328 (C:\Users\mahap\IdeaProjects\Rest-GET\Rest\target\classes started by mahap in C:\Users\mahap\IdeaProjects\Rest-GET)
[DEBUG] 2022-09-01 21:10:36.428 [main] RestApplication - Running with Spring Boot v2.7.2, Spring v5.3.22
[INFO ] 2022-09-01 21:10:36.433 [main] RestApplication - No active profile set, falling back to 1 default profile: "default"
[INFO ] 2022-09-01 21:10:39.875 [main] RestApplication - Started RestApplication in 3.793 seconds (JVM running for 4.744)
[INFO ] 2022-09-01 21:10:40.230 [main] RestApplication - ==== RESTful API Response using Spring RESTTemplate START =======
[INFO ] 2022-09-01 21:10:40.230 [main] RestApplication - Response [RestResponse=null]
[INFO ] 2022-09-01 21:10:40.230 [main] RestApplication - ==== RESTful API Response using Spring RESTTemplate END =======
[INFO ] 2022-09-01 21:36:26.685 [main] RestApplication - Starting RestApplication using Java 18.0.2 on LAPTOP-IKT4H2FA with PID 14004 (C:\Users\mahap\IdeaProjects\Rest-GET\Rest\target\classes started by mahap in C:\Users\mahap\IdeaProjects\Rest-GET)
[DEBUG] 2022-09-01 21:36:26.695 [main] RestApplication - Running with Spring Boot v2.7.2, Spring v5.3.22
[INFO ] 2022-09-01 21:36:26.695 [main] RestApplication - No active profile set, falling back to 1 default profile: "default"
[INFO ] 2022-09-01 21:36:30.098 [main] RestApplication - Started RestApplication in 3.768 seconds (JVM running for 4.755)
[INFO ] 2022-09-01 21:36:30.493 [main] RestApplication - ==== RESTful API Response using Spring RESTTemplate START =======
[INFO ] 2022-09-01 21:36:30.493 [main] RestApplication - Response [RestResponse=null]
[INFO ] 2022-09-01 21:36:30.493 [main] RestApplication - ==== RESTful API Response using Spring RESTTemplate END =======
[INFO ] 2022-09-01 21:45:46.301 [main] RestApplication - Starting RestApplication using Java 18.0.2 on LAPTOP-IKT4H2FA with PID 25352 (C:\Users\mahap\IdeaProjects\Rest-GET\Rest\target\classes started by mahap in C:\Users\mahap\IdeaProjects\Rest-GET)
[DEBUG] 2022-09-01 21:45:46.310 [main] RestApplication - Running with Spring Boot v2.7.2, Spring v5.3.22
[INFO ] 2022-09-01 21:45:46.315 [main] RestApplication - No active profile set, falling back to 1 default profile: "default"
[INFO ] 2022-09-01 21:45:49.840 [main] RestApplication - Started RestApplication in 3.903 seconds (JVM running for 4.844)
[INFO ] 2022-09-01 21:45:50.224 [main] RestApplication - Result [userId=1, id=2, title=quis ut nam facilis et officia qui, completed=false ]
[INFO ] 2022-09-01 21:46:37.886 [main] RestApplication - Starting RestApplication using Java 18.0.2 on LAPTOP-IKT4H2FA with PID 20760 (C:\Users\mahap\IdeaProjects\Rest-GET\Rest\target\classes started by mahap in C:\Users\mahap\IdeaProjects\Rest-GET)
[DEBUG] 2022-09-01 21:46:37.891 [main] RestApplication - Running with Spring Boot v2.7.2, Spring v5.3.22
[INFO ] 2022-09-01 21:46:37.891 [main] RestApplication - No active profile set, falling back to 1 default profile: "default"
[INFO ] 2022-09-01 21:46:41.267 [main] RestApplication - Started RestApplication in 3.784 seconds (JVM running for 4.801)
[INFO ] 2022-09-01 21:46:41.547 [main] RestApplication - Result [userId=1, id=1, title=delectus aut autem, completed=false ]
[INFO ] 2022-09-01 21:46:54.716 [main] RestApplication - Starting RestApplication using Java 18.0.2 on LAPTOP-IKT4H2FA with PID 28956 (C:\Users\mahap\IdeaProjects\Rest-GET\Rest\target\classes started by mahap in C:\Users\mahap\IdeaProjects\Rest-GET)
[DEBUG] 2022-09-01 21:46:54.726 [main] RestApplication - Running with Spring Boot v2.7.2, Spring v5.3.22
[INFO ] 2022-09-01 21:46:54.726 [main] RestApplication - No active profile set, falling back to 1 default profile: "default"
[INFO ] 2022-09-01 21:46:57.841 [main] RestApplication - Started RestApplication in 3.465 seconds (JVM running for 4.401)
[INFO ] 2022-09-01 21:46:58.136 [main] RestApplication - Result [userId=1, id=1, title=delectus aut autem, completed=false ]
[INFO ] 2022-09-01 21:48:28.147 [main] RestApplication - Starting RestApplication using Java 18.0.2 on LAPTOP-IKT4H2FA with PID 8764 (C:\Users\mahap\IdeaProjects\Rest-GET\Rest\target\classes started by mahap in C:\Users\mahap\IdeaProjects\Rest-GET)
[DEBUG] 2022-09-01 21:48:28.157 [main] RestApplication - Running with Spring Boot v2.7.2, Spring v5.3.22
[INFO ] 2022-09-01 21:48:28.157 [main] RestApplication - No active profile set, falling back to 1 default profile: "default"
[INFO ] 2022-09-01 21:48:31.913 [main] RestApplication - Started RestApplication in 4.106 seconds (JVM running for 5.225)
[INFO ] 2022-09-01 21:48:32.829 [main] RestApplication - Result [userId=1, id=1, title=delectus aut autem, completed=false ]
[INFO ] 2022-09-01 21:49:53.038 [main] RestApplication - Starting RestApplication using Java 18.0.2 on LAPTOP-IKT4H2FA with PID 17640 (C:\Users\mahap\IdeaProjects\Rest-GET\Rest\target\classes started by mahap in C:\Users\mahap\IdeaProjects\Rest-GET)
[DEBUG] 2022-09-01 21:49:53.048 [main] RestApplication - Running with Spring Boot v2.7.2, Spring v5.3.22
[INFO ] 2022-09-01 21:49:53.048 [main] RestApplication - No active profile set, falling back to 1 default profile: "default"
[INFO ] 2022-09-01 21:49:56.609 [main] RestApplication - Started RestApplication in 3.975 seconds (JVM running for 5.033)
[INFO ] 2022-09-01 21:49:56.874 [main] RestApplication - ==== RESTful API Response using Spring RESTTemplate START =======
[INFO ] 2022-09-01 21:49:56.874 [main] RestApplication - Result [userId=1, id=1, title=delectus aut autem, completed=false ]
[INFO ] 2022-09-01 21:49:56.874 [main] RestApplication - ==== RESTful API Response using Spring RESTTemplate END =======
[INFO ] 2022-09-01 21:50:26.756 [main] RestApplication - Starting RestApplication using Java 18.0.2 on LAPTOP-IKT4H2FA with PID 16672 (C:\Users\mahap\IdeaProjects\Rest-GET\Rest\target\classes started by mahap in C:\Users\mahap\IdeaProjects\Rest-GET)
[DEBUG] 2022-09-01 21:50:26.764 [main] RestApplication - Running with Spring Boot v2.7.2, Spring v5.3.22
[INFO ] 2022-09-01 21:50:26.764 [main] RestApplication - No active profile set, falling back to 1 default profile: "default"
[INFO ] 2022-09-01 21:50:29.888 [main] RestApplication - Started RestApplication in 3.511 seconds (JVM running for 4.431)
[ERROR] 2022-09-01 21:50:30.138 [main] RestApplication - ==== RESTful API Response using Spring RESTTemplate START =======
[INFO ] 2022-09-01 21:50:30.143 [main] RestApplication - Result [userId=1, id=1, title=delectus aut autem, completed=false ]
[INFO ] 2022-09-01 21:50:30.143 [main] RestApplication - ==== RESTful API Response using Spring RESTTemplate END =======
[INFO ] 2022-09-01 21:50:46.521 [main] RestApplication - Starting RestApplication using Java 18.0.2 on LAPTOP-IKT4H2FA with PID 13576 (C:\Users\mahap\IdeaProjects\Rest-GET\Rest\target\classes started by mahap in C:\Users\mahap\IdeaProjects\Rest-GET)
[DEBUG] 2022-09-01 21:50:46.531 [main] RestApplication - Running with Spring Boot v2.7.2, Spring v5.3.22
[INFO ] 2022-09-01 21:50:46.531 [main] RestApplication - No active profile set, falling back to 1 default profile: "default"
[INFO ] 2022-09-01 21:50:50.114 [main] RestApplication - Started RestApplication in 4.041 seconds (JVM running for 5.108)
[INFO ] 2022-09-01 21:50:50.399 [main] RestApplication - ==== RESTful API Response using Spring RESTTemplate START =======
[INFO ] 2022-09-01 21:50:50.404 [main] RestApplication - Result [userId=1, id=1, title=delectus aut autem, completed=false ]
[INFO ] 2022-09-01 21:50:50.404 [main] RestApplication - ==== RESTful API Response using Spring RESTTemplate END =======
[INFO ] 2022-09-01 22:17:01.637 [main] RestApplication - Starting RestApplication using Java 18.0.2 on LAPTOP-IKT4H2FA with PID 25028 (C:\Users\mahap\IdeaProjects\Rest-GET\Rest\target\classes started by mahap in C:\Users\mahap\IdeaProjects\Rest-GET)
[DEBUG] 2022-09-01 22:17:01.647 [main] RestApplication - Running with Spring Boot v2.7.2, Spring v5.3.22
[INFO ] 2022-09-01 22:17:01.652 [main] RestApplication - No active profile set, falling back to 1 default profile: "default"
[INFO ] 2022-09-01 22:17:05.170 [main] RestApplication - Started RestApplication in 3.884 seconds (JVM running for 4.966)
[INFO ] 2022-09-01 22:17:05.534 [main] RestApplication - ==== RESTful API Response using Spring RESTTemplate START =======
[INFO ] 2022-09-01 22:17:05.534 [main] RestApplication - Result [userId=1, id=1, title=delectus aut autem, completed=false ]
[INFO ] 2022-09-01 22:17:05.534 [main] RestApplication - ==== RESTful API Response using Spring RESTTemplate END =======
[INFO ] 2022-09-01 22:17:24.474 [main] RestApplication - Starting RestApplication using Java 18.0.2 on LAPTOP-IKT4H2FA with PID 14980 (C:\Users\mahap\IdeaProjects\Rest-GET\Rest\target\classes started by mahap in C:\Users\mahap\IdeaProjects\Rest-GET)
[DEBUG] 2022-09-01 22:17:24.484 [main] RestApplication - Running with Spring Boot v2.7.2, Spring v5.3.22
[INFO ] 2022-09-01 22:17:24.484 [main] RestApplication - No active profile set, falling back to 1 default profile: "default"
[INFO ] 2022-09-01 22:17:27.822 [main] RestApplication - Started RestApplication in 3.682 seconds (JVM running for 4.664)
[INFO ] 2022-09-01 22:17:28.101 [main] RestApplication - ==== RESTful API Response using Spring RESTTemplate START =======
[INFO ] 2022-09-01 22:17:28.106 [main] RestApplication - Result [userId=1, id=1, title=delectus aut autem, completed=false ]
[INFO ] 2022-09-01 22:17:28.106 [main] RestApplication - ==== RESTful API Response using Spring RESTTemplate END =======
[INFO ] 2022-09-01 22:26:56.312 [main] RestApplication - Starting RestApplication using Java 18.0.2 on LAPTOP-IKT4H2FA with PID 19040 (C:\Users\mahap\IdeaProjects\Rest-GET\Rest\target\classes started by mahap in C:\Users\mahap\IdeaProjects\Rest-GET)
[DEBUG] 2022-09-01 22:26:56.322 [main] RestApplication - Running with Spring Boot v2.7.2, Spring v5.3.22
[INFO ] 2022-09-01 22:26:56.322 [main] RestApplication - No active profile set, falling back to 1 default profile: "default"
[INFO ] 2022-09-01 22:26:59.752 [main] RestApplication - Started RestApplication in 3.803 seconds (JVM running for 4.765)
[INFO ] 2022-09-01 23:34:24.214 [main] RestApplication - Starting RestApplication using Java 18.0.2 on LAPTOP-IKT4H2FA with PID 1340 (C:\Users\mahap\IdeaProjects\Rest-GET\Rest\target\classes started by mahap in C:\Users\mahap\IdeaProjects\Rest-GET)
[DEBUG] 2022-09-01 23:34:24.225 [main] RestApplication - Running with Spring Boot v2.7.2, Spring v5.3.22
[INFO ] 2022-09-01 23:34:24.225 [main] RestApplication - No active profile set, falling back to 1 default profile: "default"
[INFO ] 2022-09-01 23:37:19.395 [main] RestApplication - Starting RestApplication using Java 18.0.2 on LAPTOP-IKT4H2FA with PID 4324 (C:\Users\mahap\IdeaProjects\Rest-GET\Rest\target\classes started by mahap in C:\Users\mahap\IdeaProjects\Rest-GET)
[DEBUG] 2022-09-01 23:37:19.403 [main] RestApplication - Running with Spring Boot v2.7.2, Spring v5.3.22
[INFO ] 2022-09-01 23:37:19.404 [main] RestApplication - No active profile set, falling back to 1 default profile: "default"
[INFO ] 2022-09-01 23:41:08.259 [main] RestApplication - Starting RestApplication using Java 18.0.2 on LAPTOP-IKT4H2FA with PID 15296 (C:\Users\mahap\IdeaProjects\Rest-GET\Rest\target\classes started by mahap in C:\Users\mahap\IdeaProjects\Rest-GET)
[DEBUG] 2022-09-01 23:41:08.267 [main] RestApplication - Running with Spring Boot v2.7.2, Spring v5.3.22
[INFO ] 2022-09-01 23:41:08.267 [main] RestApplication - No active profile set, falling back to 1 default profile: "default"
[INFO ] 2022-09-01 23:41:11.943 [main] RestApplication - Started RestApplication in 4.054 seconds (JVM running for 5.035)
[INFO ] 2022-09-01 23:41:46.384 [main] RestApplication - Starting RestApplication using Java 18.0.2 on LAPTOP-IKT4H2FA with PID 22284 (C:\Users\mahap\IdeaProjects\Rest-GET\Rest\target\classes started by mahap in C:\Users\mahap\IdeaProjects\Rest-GET)
[DEBUG] 2022-09-01 23:41:46.389 [main] RestApplication - Running with Spring Boot v2.7.2, Spring v5.3.22
[INFO ] 2022-09-01 23:41:46.389 [main] RestApplication - No active profile set, falling back to 1 default profile: "default"
[INFO ] 2022-09-01 23:41:50.105 [main] RestApplication - Started RestApplication in 4.097 seconds (JVM running for 5.085)
[INFO ] 2022-09-01 23:41:50.380 [main] RestApplication - ==== RESTful API Response using Spring RESTTemplate START =======
[INFO ] 2022-09-01 23:41:50.385 [main] RestApplication - Result [userId=1, id=1, title=delectus aut autem, completed=false ]
[INFO ] 2022-09-01 23:41:50.385 [main] RestApplication - ==== RESTful API Response using Spring RESTTemplate END =======
[INFO ] 2022-09-01 23:42:53.324 [main] RestApplication - Starting RestApplication using Java 18.0.2 on LAPTOP-IKT4H2FA with PID 18244 (C:\Users\mahap\IdeaProjects\Rest-GET\Rest\target\classes started by mahap in C:\Users\mahap\IdeaProjects\Rest-GET)
[DEBUG] 2022-09-01 23:42:53.334 [main] RestApplication - Running with Spring Boot v2.7.2, Spring v5.3.22
[INFO ] 2022-09-01 23:42:53.335 [main] RestApplication - No active profile set, falling back to 1 default profile: "default"
[INFO ] 2022-09-01 23:43:48.258 [main] RestApplication - Starting RestApplication using Java 18.0.2 on LAPTOP-IKT4H2FA with PID 17140 (C:\Users\mahap\IdeaProjects\Rest-GET\Rest\target\classes started by mahap in C:\Users\mahap\IdeaProjects\Rest-GET)
[DEBUG] 2022-09-01 23:43:48.268 [main] RestApplication - Running with Spring Boot v2.7.2, Spring v5.3.22
[INFO ] 2022-09-01 23:43:48.268 [main] RestApplication - No active profile set, falling back to 1 default profile: "default"
[INFO ] 2022-09-01 23:43:52.050 [main] RestApplication - Started RestApplication in 4.161 seconds (JVM running for 5.179)
[INFO ] 2022-09-01 23:43:52.324 [main] RestApplication - ==== RESTful API Response using Spring RESTTemplate START =======
[INFO ] 2022-09-01 23:43:52.329 [main] RestApplication - Result [userId=1, id=1, title=delectus aut autem, completed=false ]
[INFO ] 2022-09-01 23:43:52.329 [main] RestApplication - ==== RESTful API Response using Spring RESTTemplate END =======
[INFO ] 2022-09-01 23:46:10.389 [main] RestApplication - Starting RestApplication using Java 18.0.2 on LAPTOP-IKT4H2FA with PID 12324 (C:\Users\mahap\IdeaProjects\Rest-GET\Rest\target\classes started by mahap in C:\Users\mahap\IdeaProjects\Rest-GET)
[DEBUG] 2022-09-01 23:46:10.399 [main] RestApplication - Running with Spring Boot v2.7.2, Spring v5.3.22
[INFO ] 2022-09-01 23:46:10.399 [main] RestApplication - No active profile set, falling back to 1 default profile: "default"
[INFO ] 2022-09-01 23:46:14.076 [main] RestApplication - Started RestApplication in 4.029 seconds (JVM running for 5.038)
[INFO ] 2022-09-01 23:46:14.396 [main] RestApplication - ==== RESTful API Response using Spring RESTTemplate START =======
[INFO ] 2022-09-01 23:46:14.396 [main] RestApplication - Result [userId=1, id=1, title=delectus aut autem, completed=false ]
[INFO ] 2022-09-01 23:46:14.396 [main] RestApplication - ==== RESTful API Response using Spring RESTTemplate END =======
[INFO ] 2022-09-01 23:58:13.794 [main] RestApplication - Starting RestApplication using Java 18.0.2 on LAPTOP-IKT4H2FA with PID 19504 (C:\Users\mahap\IdeaProjects\Rest-GET\Rest\target\classes started by mahap in C:\Users\mahap\IdeaProjects\Rest-GET)
[DEBUG] 2022-09-01 23:58:13.806 [main] RestApplication - Running with Spring Boot v2.7.2, Spring v5.3.22
[INFO ] 2022-09-01 23:58:13.806 [main] RestApplication - No active profile set, falling back to 1 default profile: "default"
[INFO ] 2022-09-01 23:59:20.607 [main] RestApplication - Starting RestApplication using Java 18.0.2 on LAPTOP-IKT4H2FA with PID 29364 (C:\Users\mahap\IdeaProjects\Rest-GET\Rest\target\classes started by mahap in C:\Users\mahap\IdeaProjects\Rest-GET)
[DEBUG] 2022-09-01 23:59:20.612 [main] RestApplication - Running with Spring Boot v2.7.2, Spring v5.3.22
[INFO ] 2022-09-01 23:59:20.612 [main] RestApplication - No active profile set, falling back to 1 default profile: "default"
[INFO ] 2022-09-01 23:59:24.110 [main] RestApplication - Started RestApplication in 3.952 seconds (JVM running for 5.014)
[INFO ] 2022-09-01 23:59:24.380 [main] RestApplication - ==== RESTful API Response using Spring RESTTemplate START =======
[INFO ] 2022-09-01 23:59:24.385 [main] RestApplication - Result [userId=1, id=1, title=delectus aut autem, completed=false ]
[INFO ] 2022-09-01 23:59:24.385 [main] RestApplication - ==== RESTful API Response using Spring RESTTemplate END =======
[INFO ] 2022-09-02 00:01:44.408 [main] RestApplication - Starting RestApplication using Java 18.0.2 on LAPTOP-IKT4H2FA with PID 3028 (C:\Users\mahap\IdeaProjects\Rest-GET\Rest\target\classes started by mahap in C:\Users\mahap\IdeaProjects\Rest-GET)
[DEBUG] 2022-09-02 00:01:44.418 [main] RestApplication - Running with Spring Boot v2.7.2, Spring v5.3.22
[INFO ] 2022-09-02 00:01:44.418 [main] RestApplication - No active profile set, falling back to 1 default profile: "default"
[INFO ] 2022-09-02 00:01:47.858 [main] RestApplication - Started RestApplication in 3.806 seconds (JVM running for 4.781)
[INFO ] 2022-09-02 00:01:48.138 [main] RestApplication - ==== RESTful API Response using Spring RESTTemplate START =======
[INFO ] 2022-09-02 00:01:48.143 [main] RestApplication - Result [userId=1, id=1, title=delectus aut autem, completed=false ]
[INFO ] 2022-09-02 00:01:48.143 [main] RestApplication - ==== RESTful API Response using Spring RESTTemplate END =======
[INFO ] 2022-09-02 00:02:05.007 [main] RestApplication - Starting RestApplication using Java 18.0.2 on LAPTOP-IKT4H2FA with PID 26812 (C:\Users\mahap\IdeaProjects\Rest-GET\Rest\target\classes started by mahap in C:\Users\mahap\IdeaProjects\Rest-GET)
[DEBUG] 2022-09-02 00:02:05.012 [main] RestApplication - Running with Spring Boot v2.7.2, Spring v5.3.22
[INFO ] 2022-09-02 00:02:05.017 [main] RestApplication - No active profile set, falling back to 1 default profile: "default"
[INFO ] 2022-09-02 00:02:50.843 [main] RestApplication - Starting RestApplication using Java 18.0.2 on LAPTOP-IKT4H2FA with PID 14920 (C:\Users\mahap\IdeaProjects\Rest-GET\Rest\target\classes started by mahap in C:\Users\mahap\IdeaProjects\Rest-GET)
[DEBUG] 2022-09-02 00:02:50.853 [main] RestApplication - Running with Spring Boot v2.7.2, Spring v5.3.22
[INFO ] 2022-09-02 00:02:50.853 [main] RestApplication - No active profile set, falling back to 1 default profile: "default"
[INFO ] 2022-09-02 00:02:54.562 [main] RestApplication - Started RestApplication in 4.074 seconds (JVM running for 5.132)
[INFO ] 2022-09-02 00:02:54.917 [main] RestApplication - ==== RESTful API Response using Spring RESTTemplate START =======
[INFO ] 2022-09-02 00:02:54.917 [main] RestApplication - Result [userId=1, id=1, title=delectus aut autem, completed=false ]
[INFO ] 2022-09-02 00:02:54.917 [main] RestApplication - ==== RESTful API Response using Spring RESTTemplate END =======
[INFO ] 2022-09-02 00:36:51.870 [main] RestApplication - Starting RestApplication using Java 18.0.2 on LAPTOP-IKT4H2FA with PID 4260 (C:\Users\mahap\IdeaProjects\Rest-GET\Rest\target\classes started by mahap in C:\Users\mahap\IdeaProjects\Rest-GET)
[DEBUG] 2022-09-02 00:36:51.881 [main] RestApplication - Running with Spring Boot v2.7.2, Spring v5.3.22
[INFO ] 2022-09-02 00:36:51.882 [main] RestApplication - No active profile set, falling back to 1 default profile: "default"
[INFO ] 2022-09-02 00:36:55.510 [main] RestApplication - Started RestApplication in 3.964 seconds (JVM running for 4.992)
[INFO ] 2022-09-02 00:36:55.835 [main] RestApplication - ==== RESTful API Response using Spring RESTTemplate START =======
[INFO ] 2022-09-02 00:36:55.865 [main] RestApplication - Result [userId=1, id=1, title=delectus aut autem, completed=false ]
[INFO ] 2022-09-02 00:36:55.865 [main] RestApplication - ==== RESTful API Response using Spring RESTTemplate END =======
[INFO ] 2022-09-02 00:45:47.115 [main] RestApplication - Starting RestApplication using Java 18.0.2 on LAPTOP-IKT4H2FA with PID 19180 (C:\Users\mahap\IdeaProjects\Rest-GET\Rest\target\classes started by mahap in C:\Users\mahap\IdeaProjects\Rest-GET)
[DEBUG] 2022-09-02 00:45:47.125 [main] RestApplication - Running with Spring Boot v2.7.2, Spring v5.3.22
[INFO ] 2022-09-02 00:45:47.125 [main] RestApplication - No active profile set, falling back to 1 default profile: "default"
[INFO ] 2022-09-02 00:45:50.899 [main] RestApplication - Started RestApplication in 4.131 seconds (JVM running for 5.045)
[INFO ] 2022-09-02 00:45:51.194 [main] RestApplication - ==== RESTful API Response using Spring RESTTemplate START =======
[INFO ] 2022-09-02 00:45:51.199 [main] RestApplication - Result [userId=1, id=1, title=delectus aut autem, completed=false ]
[INFO ] 2022-09-02 00:45:51.199 [main] RestApplication - ==== RESTful API Response using Spring RESTTemplate END =======
[INFO ] 2022-09-02 00:45:51.199 [main] RestApplication - Adding Id - 1
[INFO ] 2022-09-02 00:45:51.199 [main] RestApplication - -------------------------------
[INFO ] 2022-09-02 00:45:51.199 [main] RestApplication - InsertedResult [userId=1, id=1, title=delectus aut autem, completed=false ]
[INFO ] 2022-09-02 00:47:36.317 [main] RestApplication - Starting RestApplication using Java 18.0.2 on LAPTOP-IKT4H2FA with PID 9816 (C:\Users\mahap\IdeaProjects\Rest-GET\Rest\target\classes started by mahap in C:\Users\mahap\IdeaProjects\Rest-GET)
[DEBUG] 2022-09-02 00:47:36.322 [main] RestApplication - Running with Spring Boot v2.7.2, Spring v5.3.22
[INFO ] 2022-09-02 00:47:36.322 [main] RestApplication - No active profile set, falling back to 1 default profile: "default"
[INFO ] 2022-09-02 00:47:40.229 [main] RestApplication - Started RestApplication in 4.297 seconds (JVM running for 5.672)
[INFO ] 2022-09-02 00:47:40.524 [main] RestApplication - ==== RESTful API Response using Spring RESTTemplate START =======
[INFO ] 2022-09-02 00:47:40.529 [main] RestApplication - Result [userId=1, id=1, title=delectus aut autem, completed=false ]
[INFO ] 2022-09-02 00:47:40.529 [main] RestApplication - ==== RESTful API Response using Spring RESTTemplate END =======
[INFO ] 2022-09-02 00:47:40.529 [main] RestApplication - Adding Id - 1
[INFO ] 2022-09-02 00:47:40.529 [main] RestApplication - -------------------------------
[INFO ] 2022-09-02 00:47:40.529 [main] RestApplication - Inserted Result [userId=1, id=1, title=delectus aut autem, completed=false ]
[INFO ] 2022-09-02 00:47:53.040 [main] RestApplication - Starting RestApplication using Java 18.0.2 on LAPTOP-IKT4H2FA with PID 27564 (C:\Users\mahap\IdeaProjects\Rest-GET\Rest\target\classes started by mahap in C:\Users\mahap\IdeaProjects\Rest-GET)
[DEBUG] 2022-09-02 00:47:53.045 [main] RestApplication - Running with Spring Boot v2.7.2, Spring v5.3.22
[INFO ] 2022-09-02 00:47:53.045 [main] RestApplication - No active profile set, falling back to 1 default profile: "default"
[INFO ] 2022-09-02 00:47:56.653 [main] RestApplication - Started RestApplication in 3.946 seconds (JVM running for 4.85)
[INFO ] 2022-09-02 00:47:56.943 [main] RestApplication - ==== RESTful API Response using Spring RESTTemplate START =======
[INFO ] 2022-09-02 00:47:56.948 [main] RestApplication - Result [userId=1, id=1, title=delectus aut autem, completed=false ]
[INFO ] 2022-09-02 00:47:56.948 [main] RestApplication - ==== RESTful API Response using Spring RESTTemplate END =======
[INFO ] 2022-09-02 00:47:56.948 [main] RestApplication - Adding Id - 1
[INFO ] 2022-09-02 00:47:56.948 [main] RestApplication - -------------------------------
[INFO ] 2022-09-02 01:05:38.224 [main] RestApplication - Starting RestApplication using Java 18.0.2 on LAPTOP-IKT4H2FA with PID 5340 (C:\Users\mahap\IdeaProjects\Rest-GET\Rest\target\classes started by mahap in C:\Users\mahap\IdeaProjects\Rest-GET)
[DEBUG] 2022-09-02 01:05:38.236 [main] RestApplication - Running with Spring Boot v2.7.2, Spring v5.3.22
[INFO ] 2022-09-02 01:05:38.236 [main] RestApplication - No active profile set, falling back to 1 default profile: "default"
[INFO ] 2022-09-02 01:05:42.023 [main] RestApplication - Started RestApplication in 4.276 seconds (JVM running for 5.264)
[INFO ] 2022-09-02 01:05:42.317 [main] RestApplication - ==== RESTful API Response using Spring RESTTemplate START =======
[INFO ] 2022-09-02 01:05:42.317 [main] RestApplication - Result [userId=1, id=1, title=delectus aut autem, completed=false ]
[INFO ] 2022-09-02 01:05:42.317 [main] RestApplication - ==== RESTful API Response using Spring RESTTemplate END =======
[INFO ] 2022-09-02 01:08:23.066 [main] RestApplication - Starting RestApplication using Java 18.0.2 on LAPTOP-IKT4H2FA with PID 13544 (C:\Users\mahap\IdeaProjects\Rest-GET\Rest\target\classes started by mahap in C:\Users\mahap\IdeaProjects\Rest-GET)
[DEBUG] 2022-09-02 01:08:23.075 [main] RestApplication - Running with Spring Boot v2.7.2, Spring v5.3.22
[INFO ] 2022-09-02 01:08:23.076 [main] RestApplication - No active profile set, falling back to 1 default profile: "default"
[INFO ] 2022-09-02 01:08:26.880 [main] RestApplication - Started RestApplication in 4.19 seconds (JVM running for 5.312)
[INFO ] 2022-09-02 01:08:27.114 [main] RestApplication - ==== RESTful API Response using Spring RESTTemplate START =======
[INFO ] 2022-09-02 01:08:27.117 [main] RestApplication - Result [userId=1, id=1, title=delectus aut autem, completed=false ]
[INFO ] 2022-09-02 01:08:27.117 [main] RestApplication - ==== RESTful API Response using Spring RESTTemplate END =======
[INFO ] 2022-09-02 01:10:15.585 [main] RestApplication - Starting RestApplication using Java 18.0.2 on LAPTOP-IKT4H2FA with PID 19168 (C:\Users\mahap\IdeaProjects\Rest-GET\Rest\target\classes started by mahap in C:\Users\mahap\IdeaProjects\Rest-GET)
[DEBUG] 2022-09-02 01:10:15.600 [main] RestApplication - Running with Spring Boot v2.7.2, Spring v5.3.22
[INFO ] 2022-09-02 01:10:15.600 [main] RestApplication - No active profile set, falling back to 1 default profile: "default"
[INFO ] 2022-09-02 01:10:19.707 [main] RestApplication - Started RestApplication in 4.578 seconds (JVM running for 5.549)
[INFO ] 2022-09-02 01:10:19.987 [main] RestApplication - ==== RESTful API Response using Spring RESTTemplate START =======
[INFO ] 2022-09-02 01:10:19.992 [main] RestApplication - Result [userId=1, id=1, title=delectus aut autem, completed=false ]
[INFO ] 2022-09-02 01:10:19.992 [main] RestApplication - ==== RESTful API Response using Spring RESTTemplate END =======
[INFO ] 2022-09-02 01:21:03.165 [main] RestApplication - Starting RestApplication using Java 18.0.2 on LAPTOP-IKT4H2FA with PID 20496 (C:\Users\mahap\IdeaProjects\Rest-GET\Rest\target\classes started by mahap in C:\Users\mahap\IdeaProjects\Rest-GET)
[DEBUG] 2022-09-02 01:21:03.177 [main] RestApplication - Running with Spring Boot v2.7.2, Spring v5.3.22
[INFO ] 2022-09-02 01:21:03.177 [main] RestApplication - No active profile set, falling back to 1 default profile: "default"
[INFO ] 2022-09-02 01:21:07.147 [main] RestApplication - Started RestApplication in 4.308 seconds (JVM running for 5.251)
[INFO ] 2022-09-02 01:21:07.467 [main] RestApplication - ==== RESTful API Response using Spring RESTTemplate START =======
[INFO ] 2022-09-02 01:21:07.472 [main] RestApplication - Result [userId=1, id=1, title=delectus aut autem, completed=false ]
[INFO ] 2022-09-02 01:21:07.472 [main] RestApplication - ==== RESTful API Response using Spring RESTTemplate END =======
[INFO ] 2022-09-02 01:28:54.602 [main] RestApplication - Starting RestApplication using Java 18.0.2 on LAPTOP-IKT4H2FA with PID 15692 (C:\Users\mahap\IdeaProjects\Rest-GET\Rest\target\classes started by mahap in C:\Users\mahap\IdeaProjects\Rest-GET)
[DEBUG] 2022-09-02 01:28:54.612 [main] RestApplication - Running with Spring Boot v2.7.2, Spring v5.3.22
[INFO ] 2022-09-02 01:28:54.612 [main] RestApplication - No active profile set, falling back to 1 default profile: "default"
[INFO ] 2022-09-02 01:28:58.539 [main] RestApplication - Started RestApplication in 4.285 seconds (JVM running for 5.456)
[INFO ] 2022-09-02 01:28:58.830 [main] RestApplication - ==== RESTful API Response using Spring RESTTemplate START =======
[INFO ] 2022-09-02 01:28:58.830 [main] RestApplication - Result [userId=1, id=1, title=delectus aut autem, completed=false ]
[INFO ] 2022-09-02 01:28:58.830 [main] RestApplication - ==== RESTful API Response using Spring RESTTemplate END =======
[INFO ] 2022-09-02 01:44:03.964 [main] RestApplication - Starting RestApplication using Java 18.0.2 on LAPTOP-IKT4H2FA with PID 8784 (C:\Users\mahap\IdeaProjects\Rest-GET\Rest\target\classes started by mahap in C:\Users\mahap\IdeaProjects\Rest-GET)
[DEBUG] 2022-09-02 01:44:03.974 [main] RestApplication - Running with Spring Boot v2.7.2, Spring v5.3.22
[INFO ] 2022-09-02 01:44:03.974 [main] RestApplication - No active profile set, falling back to 1 default profile: "default"
[INFO ] 2022-09-02 01:44:08.186 [main] RestApplication - Started RestApplication in 4.6 seconds (JVM running for 5.764)
[INFO ] 2022-09-02 01:44:08.496 [main] RestApplication - ==== RESTful API Response using Spring RESTTemplate START =======
[INFO ] 2022-09-02 01:44:08.496 [main] RestApplication - Result [userId=1, id=1, title=delectus aut autem, completed=false ]
[INFO ] 2022-09-02 01:44:08.496 [main] RestApplication - ==== RESTful API Response using Spring RESTTemplate END =======
[INFO ] 2022-09-02 12:41:01.703 [main] RestApplication - Starting RestApplication using Java 18.0.2 on LAPTOP-IKT4H2FA with PID 10140 (C:\Users\mahap\IdeaProjects\Rest-GET\Rest\target\classes started by mahap in C:\Users\mahap\IdeaProjects\Rest-GET)
[DEBUG] 2022-09-02 12:41:01.719 [main] RestApplication - Running with Spring Boot v2.7.2, Spring v5.3.22
[INFO ] 2022-09-02 12:41:01.721 [main] RestApplication - No active profile set, falling back to 1 default profile: "default"
[INFO ] 2022-09-02 12:41:09.602 [main] RestApplication - Started RestApplication in 8.492 seconds (JVM running for 10.074)
[INFO ] 2022-09-02 12:41:10.206 [main] RestApplication - ==== RESTful API Response using Spring RESTTemplate START =======
[INFO ] 2022-09-02 12:41:10.211 [main] RestApplication - Result [userId=1, id=1, title=delectus aut autem, completed=false ]
[INFO ] 2022-09-02 12:41:10.211 [main] RestApplication - ==== RESTful API Response using Spring RESTTemplate END =======
[INFO ] 2022-09-02 12:47:35.852 [main] RestApplication - Starting RestApplication using Java 18.0.2 on LAPTOP-IKT4H2FA with PID 14752 (C:\Users\mahap\IdeaProjects\Rest-GET\Rest\target\classes started by mahap in C:\Users\mahap\IdeaProjects\Rest-GET)
[DEBUG] 2022-09-02 12:47:35.869 [main] RestApplication - Running with Spring Boot v2.7.2, Spring v5.3.22
[INFO ] 2022-09-02 12:47:35.871 [main] RestApplication - No active profile set, falling back to 1 default profile: "default"
[INFO ] 2022-09-02 12:47:42.177 [main] RestApplication - Started RestApplication in 6.818 seconds (JVM running for 8.173)
[INFO ] 2022-09-02 12:47:42.584 [main] RestApplication - ==== RESTful API Response using Spring RESTTemplate START =======
[INFO ] 2022-09-02 12:47:42.589 [main] RestApplication - Result [userId=1, id=1, title=delectus aut autem, completed=false ]
[INFO ] 2022-09-02 12:47:42.589 [main] RestApplication - ==== RESTful API Response using Spring RESTTemplate END =======
[INFO ] 2022-09-02 12:56:35.484 [main] RestApplication - Starting RestApplication using Java 18.0.2 on LAPTOP-IKT4H2FA with PID 9700 (C:\Users\mahap\IdeaProjects\Rest-GET\Rest\target\classes started by mahap in C:\Users\mahap\IdeaProjects\Rest-GET)
[DEBUG] 2022-09-02 12:56:35.501 [main] RestApplication - Running with Spring Boot v2.7.2, Spring v5.3.22
[INFO ] 2022-09-02 12:56:35.504 [main] RestApplication - No active profile set, falling back to 1 default profile: "default"
[INFO ] 2022-09-02 12:56:41.938 [main] RestApplication - Started RestApplication in 6.956 seconds (JVM running for 8.418)
[INFO ] 2022-09-02 12:56:42.450 [main] RestApplication - ==== RESTful API Response using Spring RESTTemplate START =======
[INFO ] 2022-09-02 12:56:42.457 [main] RestApplication - Result [userId=1, id=1, title=delectus aut autem, completed=false ]
[INFO ] 2022-09-02 12:56:42.457 [main] RestApplication - ==== RESTful API Response using Spring RESTTemplate END =======
[INFO ] 2022-09-02 13:13:17.937 [main] RestApplication - Starting RestApplication using Java 18.0.2 on LAPTOP-IKT4H2FA with PID 26356 (C:\Users\mahap\IdeaProjects\Rest-GET\Rest\target\classes started by mahap in C:\Users\mahap\IdeaProjects\Rest-GET)
[DEBUG] 2022-09-02 13:13:17.951 [main] RestApplication - Running with Spring Boot v2.7.2, Spring v5.3.22
[INFO ] 2022-09-02 13:13:17.955 [main] RestApplication - No active profile set, falling back to 1 default profile: "default"
[INFO ] 2022-09-02 13:13:24.300 [main] RestApplication - Started RestApplication in 6.866 seconds (JVM running for 8.151)
[INFO ] 2022-09-02 13:13:24.695 [main] RestApplication - ==== RESTful API Response using Spring RESTTemplate START =======
[INFO ] 2022-09-02 13:13:24.698 [main] RestApplication - Result [userId=1, id=1, title=delectus aut autem, completed=false ]
[INFO ] 2022-09-02 13:13:24.699 [main] RestApplication - ==== RESTful API Response using Spring RESTTemplate END =======
[INFO ] 2022-09-02 13:39:50.473 [main] RestApplication - Starting RestApplication using Java 18.0.2 on LAPTOP-IKT4H2FA with PID 15776 (C:\Users\mahap\IdeaProjects\Rest-GET\Rest\target\classes started by mahap in C:\Users\mahap\IdeaProjects\Rest-GET)
[DEBUG] 2022-09-02 13:39:50.487 [main] RestApplication - Running with Spring Boot v2.7.2, Spring v5.3.22
[INFO ] 2022-09-02 13:39:50.491 [main] RestApplication - No active profile set, falling back to 1 default profile: "default"
[INFO ] 2022-09-02 13:39:56.956 [main] RestApplication - Started RestApplication in 7.012 seconds (JVM running for 8.251)
[INFO ] 2022-09-02 13:39:57.408 [main] RestApplication - ==== RESTful API Response using Spring RESTTemplate START =======
[INFO ] 2022-09-02 13:39:57.415 [main] RestApplication - Result [userId=1, id=1, title=delectus aut autem, completed=false ]
[INFO ] 2022-09-02 13:39:57.415 [main] RestApplication - ==== RESTful API Response using Spring RESTTemplate END =======
[INFO ] 2022-09-02 14:48:04.711 [main] RestApplication - Starting RestApplication using Java 18.0.2 on LAPTOP-IKT4H2FA with PID 29532 (C:\Users\mahap\IdeaProjects\Rest-GET\Rest\target\classes started by mahap in C:\Users\mahap\IdeaProjects\Rest-GET)
[DEBUG] 2022-09-02 14:48:04.729 [main] RestApplication - Running with Spring Boot v2.7.2, Spring v5.3.22
[INFO ] 2022-09-02 14:48:04.735 [main] RestApplication - No active profile set, falling back to 1 default profile: "default"
[INFO ] 2022-09-02 14:48:11.254 [main] RestApplication - Started RestApplication in 7.049 seconds (JVM running for 8.429)
[INFO ] 2022-09-02 14:48:11.664 [main] RestApplication - ==== RESTful API Response using Spring RESTTemplate START =======
[INFO ] 2022-09-02 14:48:11.668 [main] RestApplication - Result [userId=1, id=1, title=delectus aut autem, completed=false ]
[INFO ] 2022-09-02 14:48:11.668 [main] RestApplication - ==== RESTful API Response using Spring RESTTemplate END =======
[INFO ] 2022-09-02 14:54:03.168 [main] RestApplication - Starting RestApplication using Java 18.0.2 on LAPTOP-IKT4H2FA with PID 16340 (C:\Users\mahap\IdeaProjects\Rest-GET\Rest\target\classes started by mahap in C:\Users\mahap\IdeaProjects\Rest-GET)
[DEBUG] 2022-09-02 14:54:03.184 [main] RestApplication - Running with Spring Boot v2.7.2, Spring v5.3.22
[INFO ] 2022-09-02 14:54:03.186 [main] RestApplication - No active profile set, falling back to 1 default profile: "default"
[INFO ] 2022-09-02 14:54:09.537 [main] RestApplication - Started RestApplication in 6.861 seconds (JVM running for 8.186)
[INFO ] 2022-09-02 14:54:09.900 [main] RestApplication - ==== RESTful API Response using Spring RESTTemplate START =======
[INFO ] 2022-09-02 14:54:09.906 [main] RestApplication - Result [userId=1, id=1, title=delectus aut autem, completed=false ]
[INFO ] 2022-09-02 14:54:09.906 [main] RestApplication - ==== RESTful API Response using Spring RESTTemplate END =======
[INFO ] 2022-09-02 14:54:09.935 [main] RestApplication - Result [userId=1, id=1, title=delectus aut autem, completed=false ]
[INFO ] 2022-09-02 15:46:56.710 [main] RestApplication - Starting RestApplication using Java 18.0.2 on LAPTOP-IKT4H2FA with PID 20520 (C:\Users\mahap\IdeaProjects\Rest-GET\Rest\target\classes started by mahap in C:\Users\mahap\IdeaProjects\Rest-GET)
[DEBUG] 2022-09-02 15:46:56.725 [main] RestApplication - Running with Spring Boot v2.7.2, Spring v5.3.22
[INFO ] 2022-09-02 15:46:56.729 [main] RestApplication - No active profile set, falling back to 1 default profile: "default"
[INFO ] 2022-09-02 15:47:03.039 [main] RestApplication - Started RestApplication in 6.874 seconds (JVM running for 8.156)
[INFO ] 2022-09-02 15:47:03.498 [main] RestApplication - ==== RESTful API Response using Spring RESTTemplate START =======
[INFO ] 2022-09-02 15:47:03.502 [main] RestApplication - Result [userId=1, id=1, title=delectus aut autem, completed=false ]
[INFO ] 2022-09-02 15:47:03.502 [main] RestApplication - ==== RESTful API Response using Spring RESTTemplate END =======
[INFO ] 2022-09-02 15:47:03.528 [main] RestApplication - Result [userId=1, id=1, title=delectus aut autem, completed=false ]
[INFO ] 2022-09-02 15:51:03.163 [main] RestApplication - Starting RestApplication using Java 18.0.2 on LAPTOP-IKT4H2FA with PID 27788 (C:\Users\mahap\IdeaProjects\Rest-GET\Rest\target\classes started by mahap in C:\Users\mahap\IdeaProjects\Rest-GET)
[DEBUG] 2022-09-02 15:51:03.184 [main] RestApplication - Running with Spring Boot v2.7.2, Spring v5.3.22
[INFO ] 2022-09-02 15:51:03.185 [main] RestApplication - No active profile set, falling back to 1 default profile: "default"
[INFO ] 2022-09-02 15:51:09.761 [main] RestApplication - Started RestApplication in 7.169 seconds (JVM running for 8.463)
[INFO ] 2022-09-02 15:51:10.098 [main] RestApplication - ==== RESTful API Response using Spring RESTTemplate START =======
[INFO ] 2022-09-02 15:51:10.104 [main] RestApplication - Result [userId=1, id=1, title=delectus aut autem, completed=false ]
[INFO ] 2022-09-02 15:51:10.104 [main] RestApplication - ==== RESTful API Response using Spring RESTTemplate END =======
[INFO ] 2022-09-02 15:51:10.134 [main] RestApplication - Result [userId=1, id=1, title=delectus aut autem, completed=false ]
[INFO ] 2022-09-02 15:52:07.763 [main] RestApplication - Starting RestApplication using Java 18.0.2 on LAPTOP-IKT4H2FA with PID 26896 (C:\Users\mahap\IdeaProjects\Rest-GET\Rest\target\classes started by mahap in C:\Users\mahap\IdeaProjects\Rest-GET)
[DEBUG] 2022-09-02 15:52:07.783 [main] RestApplication - Running with Spring Boot v2.7.2, Spring v5.3.22
[INFO ] 2022-09-02 15:52:07.783 [main] RestApplication - No active profile set, falling back to 1 default profile: "default"
[INFO ] 2022-09-02 15:52:14.370 [main] RestApplication - Started RestApplication in 7.118 seconds (JVM running for 8.432)
[INFO ] 2022-09-02 15:52:14.928 [main] RestApplication - ==== RESTful API Response using Spring RESTTemplate START =======
[INFO ] 2022-09-02 15:52:14.935 [main] RestApplication - Result [userId=1, id=2, title=quis ut nam facilis et officia qui, completed=false ]
[INFO ] 2022-09-02 15:52:14.935 [main] RestApplication - ==== RESTful API Response using Spring RESTTemplate END =======
[INFO ] 2022-09-02 15:52:14.970 [main] RestApplication - Result [userId=1, id=1, title=delectus aut autem, completed=false ]
[INFO ] 2022-09-02 15:52:51.063 [main] RestApplication - Starting RestApplication using Java 18.0.2 on LAPTOP-IKT4H2FA with PID 26156 (C:\Users\mahap\IdeaProjects\Rest-GET\Rest\target\classes started by mahap in C:\Users\mahap\IdeaProjects\Rest-GET)
[DEBUG] 2022-09-02 15:52:51.080 [main] RestApplication - Running with Spring Boot v2.7.2, Spring v5.3.22
[INFO ] 2022-09-02 15:52:51.081 [main] RestApplication - No active profile set, falling back to 1 default profile: "default"
[INFO ] 2022-09-02 15:52:57.085 [main] RestApplication - Started RestApplication in 6.537 seconds (JVM running for 7.835)
[INFO ] 2022-09-02 15:52:57.462 [main] RestApplication - ==== RESTful API Response using Spring RESTTemplate START =======
[INFO ] 2022-09-02 15:52:57.469 [main] RestApplication - Result [userId=1, id=2, title=quis ut nam facilis et officia qui, completed=false ]
[INFO ] 2022-09-02 15:52:57.469 [main] RestApplication - ==== RESTful API Response using Spring RESTTemplate END =======
[INFO ] 2022-09-02 15:52:57.501 [main] RestApplication - Result [userId=1, id=2, title=quis ut nam facilis et officia qui, completed=false ]
[INFO ] 2022-09-02 16:03:45.711 [main] RestApplication - Starting RestApplication using Java 18.0.2 on LAPTOP-IKT4H2FA with PID 24368 (C:\Users\mahap\IdeaProjects\Rest-GET\Rest\target\classes started by mahap in C:\Users\mahap\IdeaProjects\Rest-GET)
[DEBUG] 2022-09-02 16:03:45.730 [main] RestApplication - Running with Spring Boot v2.7.2, Spring v5.3.22
[INFO ] 2022-09-02 16:03:45.734 [main] RestApplication - No active profile set, falling back to 1 default profile: "default"
[INFO ] 2022-09-02 16:03:52.194 [main] RestApplication - Started RestApplication in 7.013 seconds (JVM running for 8.3)
[INFO ] 2022-09-02 16:03:52.667 [main] RestApplication - ==== RESTful API Response using Spring RESTTemplate START =======
[INFO ] 2022-09-02 16:03:52.671 [main] RestApplication - Result [userId=1, id=2, title=quis ut nam facilis et officia qui, completed=false ]
[INFO ] 2022-09-02 16:03:52.671 [main] RestApplication - ==== RESTful API Response using Spring RESTTemplate END =======
[INFO ] 2022-09-02 16:03:52.699 [main] RestApplication - Result [userId=1, id=2, title=quis ut nam facilis et officia qui, completed=false ]
[INFO ] 2022-09-02 16:04:27.983 [main] RestApplication - Starting RestApplication using Java 18.0.2 on LAPTOP-IKT4H2FA with PID 21592 (C:\Users\mahap\IdeaProjects\Rest-GET\Rest\target\classes started by mahap in C:\Users\mahap\IdeaProjects\Rest-GET)
[DEBUG] 2022-09-02 16:04:28.003 [main] RestApplication - Running with Spring Boot v2.7.2, Spring v5.3.22
[INFO ] 2022-09-02 16:04:28.005 [main] RestApplication - No active profile set, falling back to 1 default profile: "default"
[INFO ] 2022-09-02 16:04:34.495 [main] RestApplication - Started RestApplication in 7.038 seconds (JVM running for 8.32)
[INFO ] 2022-09-02 16:04:34.859 [main] RestApplication - ==== RESTful API Response using Spring RESTTemplate START =======
[INFO ] 2022-09-02 16:04:34.863 [main] RestApplication - Result [userId=1, id=2, title=quis ut nam facilis et officia qui, completed=false ]
[INFO ] 2022-09-02 16:04:34.863 [main] RestApplication - ==== RESTful API Response using Spring RESTTemplate END =======
[INFO ] 2022-09-02 16:04:34.894 [main] RestApplication - Result [userId=1, id=2, title=quis ut nam facilis et officia qui, completed=false ]
[INFO ] 2022-09-02 16:05:33.823 [main] RestApplication - Starting RestApplication using Java 18.0.2 on LAPTOP-IKT4H2FA with PID 9828 (C:\Users\mahap\IdeaProjects\Rest-GET\Rest\target\classes started by mahap in C:\Users\mahap\IdeaProjects\Rest-GET)
[DEBUG] 2022-09-02 16:05:33.840 [main] RestApplication - Running with Spring Boot v2.7.2, Spring v5.3.22
[INFO ] 2022-09-02 16:05:33.842 [main] RestApplication - No active profile set, falling back to 1 default profile: "default"
[INFO ] 2022-09-02 16:05:40.213 [main] RestApplication - Started RestApplication in 6.924 seconds (JVM running for 8.212)
[INFO ] 2022-09-02 16:05:40.567 [main] RestApplication - ==== RESTful API Response using Spring RESTTemplate START =======
[INFO ] 2022-09-02 16:05:40.571 [main] RestApplication - Result [userId=1, id=2, title=quis ut nam facilis et officia qui, completed=false ]
[INFO ] 2022-09-02 16:05:40.571 [main] RestApplication - ==== RESTful API Response using Spring RESTTemplate END =======
[INFO ] 2022-09-02 16:05:40.615 [main] RestApplication - Result [userId=1, id=2, title=quis ut nam facilis et officia qui, completed=false ]
[INFO ] 2022-09-02 16:05:58.811 [main] RestApplication - Starting RestApplication using Java 18.0.2 on LAPTOP-IKT4H2FA with PID 25712 (C:\Users\mahap\IdeaProjects\Rest-GET\Rest\target\classes started by mahap in C:\Users\mahap\IdeaProjects\Rest-GET)
[DEBUG] 2022-09-02 16:05:58.831 [main] RestApplication - Running with Spring Boot v2.7.2, Spring v5.3.22
[INFO ] 2022-09-02 16:05:58.833 [main] RestApplication - No active profile set, falling back to 1 default profile: "default"
[INFO ] 2022-09-02 16:06:04.912 [main] RestApplication - Started RestApplication in 6.645 seconds (JVM running for 7.928)
[INFO ] 2022-09-02 16:06:05.309 [main] RestApplication - ==== RESTful API Response using Spring RESTTemplate START =======
[INFO ] 2022-09-02 16:06:05.314 [main] RestApplication - Result [userId=1, id=2, title=quis ut nam facilis et officia qui, completed=false ]
[INFO ] 2022-09-02 16:06:05.314 [main] RestApplication - ==== RESTful API Response using Spring RESTTemplate END =======
[INFO ] 2022-09-02 16:06:05.341 [main] RestApplication - Result [userId=1, id=2, title=quis ut nam facilis et officia qui, completed=false ]
[INFO ] 2022-09-02 16:06:36.737 [main] RestApplication - Starting RestApplication using Java 18.0.2 on LAPTOP-IKT4H2FA with PID 28560 (C:\Users\mahap\IdeaProjects\Rest-GET\Rest\target\classes started by mahap in C:\Users\mahap\IdeaProjects\Rest-GET)
[DEBUG] 2022-09-02 16:06:36.747 [main] RestApplication - Running with Spring Boot v2.7.2, Spring v5.3.22
[INFO ] 2022-09-02 16:06:36.749 [main] RestApplication - No active profile set, falling back to 1 default profile: "default"
[INFO ] 2022-09-02 16:06:43.049 [main] RestApplication - Started RestApplication in 6.887 seconds (JVM running for 8.239)
[INFO ] 2022-09-02 16:06:50.122 [main] RestApplication - Starting RestApplication using Java 18.0.2 on LAPTOP-IKT4H2FA with PID 18092 (C:\Users\mahap\IdeaProjects\Rest-GET\Rest\target\classes started by mahap in C:\Users\mahap\IdeaProjects\Rest-GET)
[DEBUG] 2022-09-02 16:06:50.130 [main] RestApplication - Running with Spring Boot v2.7.2, Spring v5.3.22
[INFO ] 2022-09-02 16:06:50.131 [main] RestApplication - No active profile set, falling back to 1 default profile: "default"
[INFO ] 2022-09-02 16:06:56.258 [main] RestApplication - Started RestApplication in 6.682 seconds (JVM running for 7.992)
[INFO ] 2022-09-02 16:06:56.638 [main] RestApplication - ==== RESTful API Response using Spring RESTTemplate START =======
[INFO ] 2022-09-02 16:06:56.642 [main] RestApplication - Result [userId=1, id=2, title=quis ut nam facilis et officia qui, completed=false ]
[INFO ] 2022-09-02 16:06:56.642 [main] RestApplication - ==== RESTful API Response using Spring RESTTemplate END =======
[INFO ] 2022-09-02 16:06:56.673 [main] RestApplication - Result [userId=1, id=2, title=quis ut nam facilis et officia qui, completed=false ]
[INFO ] 2022-09-02 16:08:28.647 [main] RestApplication - Starting RestApplication using Java 18.0.2 on LAPTOP-IKT4H2FA with PID 10616 (C:\Users\mahap\IdeaProjects\Rest-GET\Rest\target\classes started by mahap in C:\Users\mahap\IdeaProjects\Rest-GET)
[DEBUG] 2022-09-02 16:08:28.655 [main] RestApplication - Running with Spring Boot v2.7.2, Spring v5.3.22
[INFO ] 2022-09-02 16:08:28.656 [main] RestApplication - No active profile set, falling back to 1 default profile: "default"
[INFO ] 2022-09-02 16:08:35.628 [main] RestApplication - Started RestApplication in 7.645 seconds (JVM running for 9.332)
[INFO ] 2022-09-02 16:08:35.982 [main] RestApplication - ==== RESTful API Response using Spring RESTTemplate START =======
[INFO ] 2022-09-02 16:08:35.988 [main] RestApplication - Result [userId=1, id=2, title=quis ut nam facilis et officia qui, completed=false ]
[INFO ] 2022-09-02 16:08:35.988 [main] RestApplication - ==== RESTful API Response using Spring RESTTemplate END =======
[INFO ] 2022-09-02 16:08:36.019 [main] RestApplication - Result [userId=1, id=2, title=quis ut nam facilis et officia qui, completed=false ]
[INFO ] 2022-09-02 16:09:02.619 [main] RestApplication - Starting RestApplication using Java 18.0.2 on LAPTOP-IKT4H2FA with PID 14728 (C:\Users\mahap\IdeaProjects\Rest-GET\Rest\target\classes started by mahap in C:\Users\mahap\IdeaProjects\Rest-GET)
[DEBUG] 2022-09-02 16:09:02.637 [main] RestApplication - Running with Spring Boot v2.7.2, Spring v5.3.22
[INFO ] 2022-09-02 16:09:02.639 [main] RestApplication - No active profile set, falling back to 1 default profile: "default"
[INFO ] 2022-09-02 16:09:08.744 [main] RestApplication - Started RestApplication in 6.634 seconds (JVM running for 7.947)
[INFO ] 2022-09-02 16:09:09.123 [main] RestApplication - ==== RESTful API Response using Spring RESTTemplate START =======
[INFO ] 2022-09-02 16:09:09.128 [main] RestApplication - Result [userId=1, id=2, title=quis ut nam facilis et officia qui, completed=false ]
[INFO ] 2022-09-02 16:09:09.128 [main] RestApplication - ==== RESTful API Response using Spring RESTTemplate END =======
[INFO ] 2022-09-02 16:09:09.159 [main] RestApplication - Result [userId=1, id=2, title=quis ut nam facilis et officia qui, completed=false ]
[INFO ] 2022-09-02 16:26:09.786 [main] RestApplication - Starting RestApplication using Java 18.0.2 on LAPTOP-IKT4H2FA with PID 21988 (C:\Users\mahap\IdeaProjects\Rest-GET\Rest\target\classes started by mahap in C:\Users\mahap\IdeaProjects\Rest-GET)
[DEBUG] 2022-09-02 16:26:09.802 [main] RestApplication - Running with Spring Boot v2.7.2, Spring v5.3.22
[INFO ] 2022-09-02 16:26:09.804 [main] RestApplication - No active profile set, falling back to 1 default profile: "default"
[INFO ] 2022-09-02 16:26:16.612 [main] RestApplication - Started RestApplication in 7.362 seconds (JVM running for 8.717)
[INFO ] 2022-09-02 16:26:17.122 [main] RestApplication - ==== RESTful API Response using Spring RESTTemplate START =======
[INFO ] 2022-09-02 16:26:17.126 [main] RestApplication - Result [userId=1, id=2, title=quis ut nam facilis et officia qui, completed=false ]
[INFO ] 2022-09-02 16:26:17.126 [main] RestApplication - ==== RESTful API Response using Spring RESTTemplate END =======
[INFO ] 2022-09-02 16:26:17.160 [main] RestApplication - Result [userId=1, id=2, title=quis ut nam facilis et officia qui, completed=false ]
[INFO ] 2022-09-02 16:37:30.271 [main] RestApplication - Starting RestApplication using Java 18.0.2 on LAPTOP-IKT4H2FA with PID 5740 (C:\Users\mahap\IdeaProjects\Rest-GET\Rest\target\classes started by mahap in C:\Users\mahap\IdeaProjects\Rest-GET)
[DEBUG] 2022-09-02 16:37:30.286 [main] RestApplication - Running with Spring Boot v2.7.2, Spring v5.3.22
[INFO ] 2022-09-02 16:37:30.290 [main] RestApplication - No active profile set, falling back to 1 default profile: "default"
[INFO ] 2022-09-02 16:37:36.982 [main] RestApplication - Started RestApplication in 7.214 seconds (JVM running for 8.527)
[INFO ] 2022-09-02 16:37:37.410 [main] RestApplication - ==== RESTful API Response using Spring RESTTemplate START =======
[INFO ] 2022-09-02 16:37:37.416 [main] RestApplication - Result [userId=1, id=2, title=quis ut nam facilis et officia qui, completed=false ]
[INFO ] 2022-09-02 16:37:37.416 [main] RestApplication - ==== RESTful API Response using Spring RESTTemplate END =======
[INFO ] 2022-09-02 16:37:37.463 [main] RestApplication - Result [userId=1, id=2, title=quis ut nam facilis et officia qui, completed=false ]
[INFO ] 2022-09-02 16:47:36.297 [main] RestApplication - Starting RestApplication using Java 18.0.2 on LAPTOP-IKT4H2FA with PID 22560 (C:\Users\mahap\IdeaProjects\Rest-GET\Rest\target\classes started by mahap in C:\Users\mahap\IdeaProjects\Rest-GET)
[DEBUG] 2022-09-02 16:47:36.313 [main] RestApplication - Running with Spring Boot v2.7.2, Spring v5.3.22
[INFO ] 2022-09-02 16:47:36.315 [main] RestApplication - No active profile set, falling back to 1 default profile: "default"
[INFO ] 2022-09-02 16:47:42.735 [main] RestApplication - Started RestApplication in 6.968 seconds (JVM running for 8.244)
[INFO ] 2022-09-02 16:47:43.185 [main] RestApplication - ==== RESTful API Response using Spring RESTTemplate START =======
[INFO ] 2022-09-02 16:47:43.188 [main] RestApplication - Result [userId=1, id=2, title=quis ut nam facilis et officia qui, completed=false ]
[INFO ] 2022-09-02 16:47:43.188 [main] RestApplication - ==== RESTful API Response using Spring RESTTemplate END =======
[INFO ] 2022-09-02 16:47:43.217 [main] RestApplication - Result [userId=1, id=2, title=quis ut nam facilis et officia qui, completed=false ]
[INFO ] 2022-09-02 17:05:03.999 [main] RestApplication - Starting RestApplication using Java 18.0.2 on LAPTOP-IKT4H2FA with PID 29060 (C:\Users\mahap\IdeaProjects\Rest-GET\Rest\target\classes started by mahap in C:\Users\mahap\IdeaProjects\Rest-GET)
[DEBUG] 2022-09-02 17:05:04.008 [main] RestApplication - Running with Spring Boot v2.7.2, Spring v5.3.22
[INFO ] 2022-09-02 17:05:04.008 [main] RestApplication - No active profile set, falling back to 1 default profile: "default"
[INFO ] 2022-09-02 17:05:10.204 [main] RestApplication - Started RestApplication in 6.739 seconds (JVM running for 8.066)
[INFO ] 2022-09-02 17:05:10.583 [main] RestApplication - ==== RESTful API Response using Spring RESTTemplate START =======
[INFO ] 2022-09-02 17:05:10.590 [main] RestApplication - Result [userId=1, id=2, title=quis ut nam facilis et officia qui, completed=false ]
[INFO ] 2022-09-02 17:05:10.590 [main] RestApplication - ==== RESTful API Response using Spring RESTTemplate END =======
[INFO ] 2022-09-02 17:05:10.619 [main] RestApplication - Result [userId=1, id=2, title=quis ut nam facilis et officia qui, completed=false ]
[INFO ] 2022-09-02 17:05:29.401 [main] RestApplication - Starting RestApplication using Java 18.0.2 on LAPTOP-IKT4H2FA with PID 14012 (C:\Users\mahap\IdeaProjects\Rest-GET\Rest\target\classes started by mahap in C:\Users\mahap\IdeaProjects\Rest-GET)
[DEBUG] 2022-09-02 17:05:29.412 [main] RestApplication - Running with Spring Boot v2.7.2, Spring v5.3.22
[INFO ] 2022-09-02 17:05:29.412 [main] RestApplication - No active profile set, falling back to 1 default profile: "default"
[INFO ] 2022-09-02 17:05:35.355 [main] RestApplication - Started RestApplication in 6.535 seconds (JVM running for 7.929)
[INFO ] 2022-09-02 17:05:35.715 [main] RestApplication - ==== RESTful API Response using Spring RESTTemplate START =======
[INFO ] 2022-09-02 17:05:35.718 [main] RestApplication - Result [userId=1, id=2, title=quis ut nam facilis et officia qui, completed=false ]
[INFO ] 2022-09-02 17:05:35.718 [main] RestApplication - ==== RESTful API Response using Spring RESTTemplate END =======
[INFO ] 2022-09-02 17:05:35.753 [main] RestApplication - Result [userId=1, id=2, title=quis ut nam facilis et officia qui, completed=false ]
[INFO ] 2022-09-02 17:06:06.615 [main] RestApplication - Starting RestApplication using Java 18.0.2 on LAPTOP-IKT4H2FA with PID 6868 (C:\Users\mahap\IdeaProjects\Rest-GET\Rest\target\classes started by mahap in C:\Users\mahap\IdeaProjects\Rest-GET)
[DEBUG] 2022-09-02 17:06:06.636 [main] RestApplication - Running with Spring Boot v2.7.2, Spring v5.3.22
[INFO ] 2022-09-02 17:06:06.641 [main] RestApplication - No active profile set, falling back to 1 default profile: "default"
[INFO ] 2022-09-02 17:06:12.725 [main] RestApplication - Started RestApplication in 6.672 seconds (JVM running for 7.953)
[INFO ] 2022-09-02 17:06:13.078 [main] RestApplication - ==== RESTful API Response using Spring RESTTemplate START =======
[INFO ] 2022-09-02 17:06:13.081 [main] RestApplication - Result [userId=1, id=2, title=quis ut nam facilis et officia qui, completed=false ]
[INFO ] 2022-09-02 17:06:13.082 [main] RestApplication - ==== RESTful API Response using Spring RESTTemplate END =======
[INFO ] 2022-09-02 17:06:13.261 [main] RestApplication - Result [userId=1, id=2, title=quis ut nam facilis et officia qui, completed=false ]
[INFO ] 2022-09-02 17:12:02.791 [main] RestApplication - Starting RestApplication using Java 18.0.2 on LAPTOP-IKT4H2FA with PID 11276 (C:\Users\mahap\IdeaProjects\Rest-GET\Rest\target\classes started by mahap in C:\Users\mahap\IdeaProjects\Rest-GET)
[DEBUG] 2022-09-02 17:12:02.805 [main] RestApplication - Running with Spring Boot v2.7.2, Spring v5.3.22
[INFO ] 2022-09-02 17:12:02.808 [main] RestApplication - No active profile set, falling back to 1 default profile: "default"
[INFO ] 2022-09-02 17:12:09.569 [main] RestApplication - Started RestApplication in 7.438 seconds (JVM running for 9.063)
[INFO ] 2022-09-02 17:12:10.204 [main] RestApplication - ==== RESTful API Response using Spring RESTTemplate START =======
[INFO ] 2022-09-02 17:12:10.216 [main] RestApplication - Result [userId=1, id=2, title=quis ut nam facilis et officia qui, completed=false ]
[INFO ] 2022-09-02 17:12:10.216 [main] RestApplication - ==== RESTful API Response using Spring RESTTemplate END =======
[INFO ] 2022-09-02 17:12:10.266 [main] RestApplication - Result [userId=1, id=3, title=fugiat veniam minus, completed=false ]
[INFO ] 2022-09-02 17:12:58.051 [main] RestApplication - Starting RestApplication using Java 18.0.2 on LAPTOP-IKT4H2FA with PID 7904 (C:\Users\mahap\IdeaProjects\Rest-GET\Rest\target\classes started by mahap in C:\Users\mahap\IdeaProjects\Rest-GET)
[DEBUG] 2022-09-02 17:12:58.067 [main] RestApplication - Running with Spring Boot v2.7.2, Spring v5.3.22
[INFO ] 2022-09-02 17:12:58.071 [main] RestApplication - No active profile set, falling back to 1 default profile: "default"
[INFO ] 2022-09-02 17:13:04.155 [main] RestApplication - Started RestApplication in 6.636 seconds (JVM running for 7.929)
[INFO ] 2022-09-02 17:13:04.577 [main] RestApplication - ==== RESTful API Response using Spring RESTTemplate START =======
[INFO ] 2022-09-02 17:13:04.580 [main] RestApplication - Result [userId=1, id=2, title=quis ut nam facilis et officia qui, completed=false ]
[INFO ] 2022-09-02 17:13:04.580 [main] RestApplication - ==== RESTful API Response using Spring RESTTemplate END =======
[INFO ] 2022-09-02 17:27:33.048 [main] RestApplication - Starting RestApplication using Java 18.0.2 on LAPTOP-IKT4H2FA with PID 9700 (C:\Users\mahap\IdeaProjects\Rest-GET\Rest\target\classes started by mahap in C:\Users\mahap\IdeaProjects\Rest-GET)
[DEBUG] 2022-09-02 17:27:33.065 [main] RestApplication - Running with Spring Boot v2.7.2, Spring v5.3.22
[INFO ] 2022-09-02 17:27:33.066 [main] RestApplication - No active profile set, falling back to 1 default profile: "default"
[INFO ] 2022-09-02 17:27:39.674 [main] RestApplication - Started RestApplication in 7.116 seconds (JVM running for 8.454)
[INFO ] 2022-09-02 17:27:40.054 [main] RestApplication - ==== RESTful API Response using Spring RESTTemplate START =======
[INFO ] 2022-09-02 17:27:40.060 [main] RestApplication - Result [userId=1, id=2, title=quis ut nam facilis et officia qui, completed=false ]
[INFO ] 2022-09-02 17:27:40.060 [main] RestApplication - ==== RESTful API Response using Spring RESTTemplate END =======
[INFO ] 2022-09-02 17:27:40.095 [main] RestApplication - Result [userId=1, id=3, title=fugiat veniam minus, completed=false ]
[INFO ] 2022-09-02 17:30:48.554 [main] RestApplication - Starting RestApplication using Java 18.0.2 on LAPTOP-IKT4H2FA with PID 15592 (C:\Users\mahap\IdeaProjects\Rest-GET\Rest\target\classes started by mahap in C:\Users\mahap\IdeaProjects\Rest-GET)
[DEBUG] 2022-09-02 17:30:48.574 [main] RestApplication - Running with Spring Boot v2.7.2, Spring v5.3.22
[INFO ] 2022-09-02 17:30:48.576 [main] RestApplication - No active profile set, falling back to 1 default profile: "default"
[INFO ] 2022-09-02 17:30:55.320 [main] RestApplication - Started RestApplication in 7.347 seconds (JVM running for 8.687)
[INFO ] 2022-09-02 17:30:55.663 [main] RestApplication - ==== RESTful API Response using Spring RESTTemplate START =======
[INFO ] 2022-09-02 17:30:55.667 [main] RestApplication - Result [userId=1, id=2, title=quis ut nam facilis et officia qui, completed=false ]
[INFO ] 2022-09-02 17:30:55.667 [main] RestApplication - ==== RESTful API Response using Spring RESTTemplate END =======
[INFO ] 2022-09-02 17:30:55.692 [main] RestApplication - Result [userId=1, id=3, title=fugiat veniam minus, completed=false ]
[INFO ] 2022-09-02 17:32:19.788 [main] RestApplication - Starting RestApplication using Java 18.0.2 on LAPTOP-IKT4H2FA with PID 28472 (C:\Users\mahap\IdeaProjects\Rest-GET\Rest\target\classes started by mahap in C:\Users\mahap\IdeaProjects\Rest-GET)
[DEBUG] 2022-09-02 17:32:19.806 [main] RestApplication - Running with Spring Boot v2.7.2, Spring v5.3.22
[INFO ] 2022-09-02 17:32:19.808 [main] RestApplication - No active profile set, falling back to 1 default profile: "default"
[INFO ] 2022-09-02 17:32:26.529 [main] RestApplication - Started RestApplication in 7.238 seconds (JVM running for 8.491)
[INFO ] 2022-09-02 17:32:26.888 [main] RestApplication - ==== RESTful API Response using Spring RESTTemplate START =======
[INFO ] 2022-09-02 17:32:26.892 [main] RestApplication - Result [userId=1, id=2, title=quis ut nam facilis et officia qui, completed=false ]
[INFO ] 2022-09-02 17:32:26.892 [main] RestApplication - ==== RESTful API Response using Spring RESTTemplate END =======
[INFO ] 2022-09-02 17:32:26.926 [main] RestApplication - Result [userId=1, id=3, title=fugiat veniam minus, completed=false ]
[INFO ] 2022-09-02 21:50:59.660 [main] RestApplication - Starting RestApplication using Java 18.0.2 on LAPTOP-IKT4H2FA with PID 30972 (C:\Users\mahap\IdeaProjects\Rest-GET\Rest\target\classes started by mahap in C:\Users\mahap\IdeaProjects\Rest-GET)
[DEBUG] 2022-09-02 21:50:59.675 [main] RestApplication - Running with Spring Boot v2.7.2, Spring v5.3.22
[INFO ] 2022-09-02 21:50:59.675 [main] RestApplication - No active profile set, falling back to 1 default profile: "default"
[INFO ] 2022-09-02 21:51:04.728 [main] RestApplication - Started RestApplication in 5.473 seconds (JVM running for 6.611)
[INFO ] 2022-09-02 21:51:05.063 [main] RestApplication - ==== RESTful API Response using Spring RESTTemplate START =======
[INFO ] 2022-09-02 21:51:05.068 [main] RestApplication - Result [userId=1, id=2, title=quis ut nam facilis et officia qui, completed=false ]
[INFO ] 2022-09-02 21:51:05.068 [main] RestApplication - ==== RESTful API Response using Spring RESTTemplate END =======
[INFO ] 2022-09-02 21:51:05.093 [main] RestApplication - Result [userId=1, id=3, title=fugiat veniam minus, completed=false ]
[INFO ] 2022-09-02 21:51:51.741 [main] RestApplication - Starting RestApplication using Java 18.0.2 on LAPTOP-IKT4H2FA with PID 30780 (C:\Users\mahap\IdeaProjects\Rest-GET\Rest\target\classes started by mahap in C:\Users\mahap\IdeaProjects\Rest-GET)
[DEBUG] 2022-09-02 21:51:51.756 [main] RestApplication - Running with Spring Boot v2.7.2, Spring v5.3.22
[INFO ] 2022-09-02 21:51:51.756 [main] RestApplication - No active profile set, falling back to 1 default profile: "default"
[INFO ] 2022-09-02 21:51:57.501 [main] RestApplication - Started RestApplication in 6.312 seconds (JVM running for 7.827)
[INFO ] 2022-09-02 21:51:57.861 [main] RestApplication - ==== RESTful API Response using Spring RESTTemplate START =======
[INFO ] 2022-09-02 21:51:57.866 [main] RestApplication - Result [userId=1, id=2, title=quis ut nam facilis et officia qui, completed=false ]
[INFO ] 2022-09-02 21:51:57.866 [main] RestApplication - ==== RESTful API Response using Spring RESTTemplate END =======
[INFO ] 2022-09-02 21:51:57.891 [main] RestApplication - Result [userId=1, id=3, title=fugiat veniam minus, completed=false ]
[INFO ] 2022-09-02 21:56:04.673 [main] RestApplication - Starting RestApplication using Java 18.0.2 on LAPTOP-IKT4H2FA with PID 29520 (C:\Users\mahap\IdeaProjects\Rest-GET\Rest\target\classes started by mahap in C:\Users\mahap\IdeaProjects\Rest-GET)
[DEBUG] 2022-09-02 21:56:04.679 [main] RestApplication - Running with Spring Boot v2.7.2, Spring v5.3.22
[INFO ] 2022-09-02 21:56:04.685 [main] RestApplication - No active profile set, falling back to 1 default profile: "default"
[INFO ] 2022-09-02 21:56:08.982 [main] RestApplication - Started RestApplication in 4.642 seconds (JVM running for 7.254)
[INFO ] 2022-09-02 21:56:09.292 [main] RestApplication - ==== RESTful API Response using Spring RESTTemplate START =======
[INFO ] 2022-09-02 21:56:09.297 [main] RestApplication - Result [userId=1, id=2, title=quis ut nam facilis et officia qui, completed=false ]
[INFO ] 2022-09-02 21:56:09.297 [main] RestApplication - ==== RESTful API Response using Spring RESTTemplate END =======
[INFO ] 2022-09-02 21:56:09.317 [main] RestApplication - Result [userId=1, id=3, title=fugiat veniam minus, completed=false ]
[INFO ] 2022-09-02 22:22:52.268 [main] RestApplication - Starting RestApplication using Java 18.0.2 on LAPTOP-IKT4H2FA with PID 23612 (C:\Users\mahap\IdeaProjects\Rest-GET\Rest\target\classes started by mahap in C:\Users\mahap\IdeaProjects\Rest-GET)
[DEBUG] 2022-09-02 22:22:52.278 [main] RestApplication - Running with Spring Boot v2.7.2, Spring v5.3.22
[INFO ] 2022-09-02 22:22:52.283 [main] RestApplication - No active profile set, falling back to 1 default profile: "default"
[INFO ] 2022-09-02 22:22:56.377 [main] RestApplication - Started RestApplication in 4.486 seconds (JVM running for 5.581)
[INFO ] 2022-09-02 22:22:56.742 [main] RestApplication - ==== RESTful API Response using Spring RESTTemplate START =======
[INFO ] 2022-09-02 22:22:56.747 [main] RestApplication - Result [userId=1, id=2, title=quis ut nam facilis et officia qui, completed=false ]
[INFO ] 2022-09-02 22:22:56.747 [main] RestApplication - ==== RESTful API Response using Spring RESTTemplate END =======
[INFO ] 2022-09-02 22:22:56.777 [main] RestApplication - Result [userId=1, id=3, title=fugiat veniam minus, completed=false ]
